0 info it worked if it ends with ok
1 verbose cli [ 'C:\\Program Files\\nodejs\\node.exe',
1 verbose cli   'C:\\Users\\Maika\\AppData\\Roaming\\npm\\node_modules\\npm\\bin\\npm-cli.js',
1 verbose cli   'start' ]
2 info using npm@4.0.2
3 info using node@v8.7.0
4 verbose run-script [ 'prestart', 'start', 'poststart' ]
5 info lifecycle reduxx@0.1.0~prestart: reduxx@0.1.0
6 silly lifecycle reduxx@0.1.0~prestart: no script for prestart, continuing
7 info lifecycle reduxx@0.1.0~start: reduxx@0.1.0
8 verbose lifecycle reduxx@0.1.0~start: unsafe-perm in lifecycle true
9 verbose lifecycle reduxx@0.1.0~start: PATH: C:\Users\Maika\AppData\Roaming\npm\node_modules\npm\bin\node-gyp-bin;C:\Users\Maika\Documents\Programming\Homework\JS Web\ReactJS\06.Redux\reduxx\node_modules\.bin;C:\ProgramData\Oracle\Java\javapath;C:\Program Files (x86)\Intel\iCLS Client\;C:\Program Files\Intel\iCLS Client\;C:\Program Files (x86)\NVIDIA Corporation\PhysX\Common;C:\Windows\system32;C:\Windows;C:\Windows\System32\Wbem;C:\Windows\System32\WindowsPowerShell\v1.0\;C:\Program Files (x86)\Windows Live\Shared;C:\Program Files\Intel\Intel(R) Management Engine Components\DAL;C:\Program Files\Intel\Intel(R) Management Engine Components\IPT;C:\Program Files (x86)\Intel\Intel(R) Management Engine Components\DAL;C:\Program Files (x86)\Intel\Intel(R) Management Engine Components\IPT;C:\Program Files\Intel\WiFi\bin\;C:\Program Files\Common Files\Intel\WirelessCommon\;C:\Program Files (x86)\Windows Kits\8.1\Windows Performance Toolkit\;C:\Program Files\Microsoft SQL Server\110\Tools\Binn\;C:\Program Files (x86)\Microsoft SDKs\TypeScript\1.0\;C:\Program Files\Microsoft SQL Server\120\Tools\Binn\;C:\Program Files\TortoiseSVN\bin;C:\Users\Maika\.dnx\bin;C:\Program Files\Microsoft DNX\Dnvm\;C:\Program Files (x86)\Skype\Phone\;C:\Program Files (x86)\GtkSharp\2.12\bin;C:\Program Files (x86)\Microsoft SQL Server\Client SDK\ODBC\130\Tools\Binn\;C:\Program Files (x86)\Microsoft SQL Server\130\Tools\Binn\;C:\Program Files (x86)\Microsoft SQL Server\130\DTS\Binn\;C:\Program Files (x86)\Microsoft SQL Server\130\Tools\Binn\ManagementStudio\;C:\Program Files\Microsoft SQL Server\Client SDK\ODBC\130\Tools\Binn\;C:\Program Files\Microsoft SQL Server\130\Tools\Binn\;C:\Program Files\Microsoft SQL Server\130\DTS\Binn\;C:\Program Files\MySQL\MySQL Utilities 1.6\;C:\Program Files\TortoiseGit\bin;C:\Program Files\nodejs\;C:\Users\Maika\AppData\Local\atom\bin;C:\Users\Maika\Documents\Microsoft VS Code\bin;C:\Ruby23-x64\bin;C:\Users\Maika\AppData\Roaming\npm
10 verbose lifecycle reduxx@0.1.0~start: CWD: C:\Users\Maika\Documents\Programming\Homework\JS Web\ReactJS\06.Redux\reduxx
11 silly lifecycle reduxx@0.1.0~start: Args: [ '/d /s /c', 'react-scripts start' ]
12 silly lifecycle reduxx@0.1.0~start: Returned: code: 3221225786  signal: null
13 info lifecycle reduxx@0.1.0~start: Failed to exec start script
14 verbose stack Error: reduxx@0.1.0 start: `react-scripts start`
14 verbose stack Exit status 3221225786
14 verbose stack     at EventEmitter.<anonymous> (C:\Users\Maika\AppData\Roaming\npm\node_modules\npm\lib\utils\lifecycle.js:279:16)
14 verbose stack     at emitTwo (events.js:125:13)
14 verbose stack     at EventEmitter.emit (events.js:213:7)
14 verbose stack     at ChildProcess.<anonymous> (C:\Users\Maika\AppData\Roaming\npm\node_modules\npm\lib\utils\spawn.js:40:14)
14 verbose stack     at emitTwo (events.js:125:13)
14 verbose stack     at ChildProcess.emit (events.js:213:7)
14 verbose stack     at maybeClose (internal/child_process.js:927:16)
14 verbose stack     at Process.ChildProcess._handle.onexit (internal/child_process.js:211:5)
15 verbose pkgid reduxx@0.1.0
16 verbose cwd C:\Users\Maika\Documents\Programming\Homework\JS Web\ReactJS\06.Redux\reduxx
17 error Windows_NT 6.3.9600
18 error argv "C:\\Program Files\\nodejs\\node.exe" "C:\\Users\\Maika\\AppData\\Roaming\\npm\\node_modules\\npm\\bin\\npm-cli.js" "start"
19 error node v8.7.0
20 error npm  v4.0.2
21 error code ELIFECYCLE
22 error reduxx@0.1.0 start: `react-scripts start`
22 error Exit status 3221225786
23 error Failed at the reduxx@0.1.0 start script 'react-scripts start'.
23 error Make sure you have the latest version of node.js and npm installed.
23 error If you do, this is most likely a problem with the reduxx package,
23 error not with npm itself.
23 error Tell the author that this fails on your system:
23 error     react-scripts start
23 error You can get information on how to open an issue for this project with:
23 error     npm bugs reduxx
23 error Or if that isn't available, you can get their info via:
23 error     npm owner ls reduxx
23 error There is likely additional logging output above.
24 verbose exit [ 1, true ]
